Сборка начата 15.06.2016 16:07:15.
     1>Проект "C:\Users\Curunir\Desktop\Computer graphics\OpenGL_Framework_NewBeginning\OpenGL_Framework\OpenGL_Framework.vcxproj" в узле 2 (целевые объекты Build).
     1>Link:
         C:\Program Files (x86)\Microsoft Visual Studio 12.0\VC\bin\link.exe /ERRORREPORT:PROMPT /OUT:"C:\Users\Curunir\Desktop\Computer graphics\OpenGL_Framework_NewBeginning\Debug\OpenGL_Framework.exe" /INCREMENTAL /NOLOGO /LIBPATH:.\Lib glew32.lib glew32s.lib SDL2.lib SDL2main.lib SDL2test.lib opengl32.lib assimp.lib kernel32.lib user32.lib gdi32.lib winspool.lib comdlg32.lib advapi32.lib shell32.lib ole32.lib oleaut32.lib uuid.lib odbc32.lib odbccp32.lib /MANIFEST /MANIFESTUAC:"level='asInvoker' uiAccess='false'" /manifest:embed /DEBUG /PDB:"C:\Users\Curunir\Desktop\Computer graphics\OpenGL_Framework_NewBeginning\Debug\OpenGL_Framework.pdb" /SUBSYSTEM:CONSOLE /TLBID:1 /DYNAMICBASE /NXCOMPAT /IMPLIB:"C:\Users\Curunir\Desktop\Computer graphics\OpenGL_Framework_NewBeginning\Debug\OpenGL_Framework.lib" /MACHINE:X86 Debug\OpenGL_Framework.res
         Debug\Camera.obj
         Debug\Component.obj
         Debug\GeneratedMesh.obj
         Debug\Graphics.obj
         Debug\LightShader.obj
         Debug\LightSources.obj
         Debug\main.obj
         Debug\MainWindow.obj
         Debug\Material.obj
         Debug\Mesh.obj
         Debug\GameObject.obj
         Debug\Model.obj
         Debug\Shader.obj
         Debug\SkyBox.obj
         Debug\SkyboxMesh.obj
         Debug\StandardShader.obj
         Debug\stb_image.obj
         Debug\Terrain.obj
         Debug\Texture.obj
         Debug\Transform.obj
         Debug\VerticesBlockT.obj
         OpenGL_Framework.vcxproj -> C:\Users\Curunir\Desktop\Computer graphics\OpenGL_Framework_NewBeginning\Debug\OpenGL_Framework.exe
     1>Сборка проекта "C:\Users\Curunir\Desktop\Computer graphics\OpenGL_Framework_NewBeginning\OpenGL_Framework\OpenGL_Framework.vcxproj" завершена (целевые объекты Build).

Сборка успешно завершена.

Затраченное время: 00:00:00.73
