c:\users\curunir\desktop\computer graphics\opengl_framework_newbeginning\opengl_framework\debug\vc120.pdb
c:\users\curunir\desktop\computer graphics\opengl_framework_newbeginning\opengl_framework\debug\vc120.idb
c:\users\curunir\desktop\computer graphics\opengl_framework_newbeginning\opengl_framework\debug\main.obj
c:\users\curunir\desktop\computer graphics\opengl_framework_newbeginning\opengl_framework\debug\mainwindow.obj
c:\users\curunir\desktop\computer graphics\opengl_framework_newbeginning\opengl_framework\debug\mesh.obj
c:\users\curunir\desktop\computer graphics\opengl_framework_newbeginning\opengl_framework\debug\gameobject.obj
c:\users\curunir\desktop\computer graphics\opengl_framework_newbeginning\opengl_framework\debug\shader.obj
c:\users\curunir\desktop\computer graphics\opengl_framework_newbeginning\opengl_framework\debug\verticesblockt.obj
c:\users\curunir\desktop\computer graphics\opengl_framework_newbeginning\opengl_framework\debug\texture.obj
c:\users\curunir\desktop\computer graphics\opengl_framework_newbeginning\opengl_framework\debug\transform.obj
c:\users\curunir\desktop\computer graphics\opengl_framework_newbeginning\opengl_framework\debug\stb_image.obj
c:\users\curunir\desktop\computer graphics\opengl_framework_newbeginning\opengl_framework\debug\camera.obj
c:\users\curunir\desktop\computer graphics\opengl_framework_newbeginning\opengl_framework\debug\material.obj
c:\users\curunir\desktop\computer graphics\opengl_framework_newbeginning\opengl_framework\debug\standardshader.obj
c:\users\curunir\desktop\computer graphics\opengl_framework_newbeginning\opengl_framework\debug\lightshader.obj
c:\users\curunir\desktop\computer graphics\opengl_framework_newbeginning\opengl_framework\debug\graphics.obj
c:\users\curunir\desktop\opengl_framework_newbeginning\opengl_framework\debug\vc120.pdb
c:\users\curunir\desktop\opengl_framework_newbeginning\opengl_framework\debug\vc120.idb
c:\users\curunir\desktop\opengl_framework_newbeginning\opengl_framework\debug\camera.obj
c:\users\curunir\desktop\opengl_framework_newbeginning\opengl_framework\debug\graphics.obj
c:\users\curunir\desktop\opengl_framework_newbeginning\opengl_framework\debug\mesh.obj
c:\users\curunir\desktop\opengl_framework_newbeginning\opengl_framework\debug\texture.obj
c:\users\curunir\desktop\opengl_framework_newbeginning\opengl_framework\debug\transform.obj
c:\users\curunir\desktop\opengl_framework_newbeginning\opengl_framework\debug\verticesblockt.obj
c:\users\curunir\desktop\opengl_framework_newbeginning\opengl_framework\debug\gameobject.obj
c:\users\curunir\desktop\opengl_framework_newbeginning\opengl_framework\debug\mainwindow.obj
c:\users\curunir\desktop\opengl_framework_newbeginning\opengl_framework\debug\main.obj
c:\users\curunir\desktop\computer graphics\opengl_framework_newbeginning\debug\opengl_framework.ilk
c:\users\curunir\desktop\computer graphics\opengl_framework_newbeginning\debug\opengl_framework.exe
c:\users\curunir\desktop\computer graphics\opengl_framework_newbeginning\debug\opengl_framework.pdb
c:\users\curunir\desktop\computer graphics\opengl_framework_newbeginning\opengl_framework\debug\opengl_framework.res
c:\users\curunir\desktop\opengl_framework_newbeginning\opengl_framework\debug\stb_image.obj
c:\users\curunir\desktop\opengl_framework_newbeginning\opengl_framework\debug\opengl_framework.res
c:\users\curunir\desktop\opengl_framework_newbeginning\debug\opengl_framework.pdb
c:\users\curunir\desktop\opengl_framework_newbeginning\debug\opengl_framework.exe
c:\users\curunir\desktop\opengl_framework_newbeginning\debug\opengl_framework.ilk
c:\users\curunir\desktop\opengl_framework_newbeginning\opengl_framework\debug\opengl_framework.tlog\cl.command.1.tlog
c:\users\curunir\desktop\opengl_framework_newbeginning\opengl_framework\debug\opengl_framework.tlog\cl.read.1.tlog
c:\users\curunir\desktop\opengl_framework_newbeginning\opengl_framework\debug\opengl_framework.tlog\cl.write.1.tlog
c:\users\curunir\desktop\opengl_framework_newbeginning\opengl_framework\debug\opengl_framework.tlog\link.command.1.tlog
c:\users\curunir\desktop\opengl_framework_newbeginning\opengl_framework\debug\opengl_framework.tlog\link.read.1.tlog
c:\users\curunir\desktop\opengl_framework_newbeginning\opengl_framework\debug\opengl_framework.tlog\link.write.1.tlog
c:\users\curunir\desktop\opengl_framework_newbeginning\opengl_framework\debug\opengl_framework.tlog\rc.command.1.tlog
c:\users\curunir\desktop\opengl_framework_newbeginning\opengl_framework\debug\opengl_framework.tlog\rc.read.1.tlog
c:\users\curunir\desktop\opengl_framework_newbeginning\opengl_framework\debug\opengl_framework.tlog\rc.write.1.tlog
